[2m2025-08-14T07:58:37.781294Z[0m [31mERROR[0m [2mzebar::widget_factory[0m[2m:[0m Failed to start widget on startup: No widget pack found for 'monoshine-theme'.
[2m2025-08-14T08:32:47.291534Z[0m [31mERROR[0m [2mzebar::widget_factory[0m[2m:[0m Failed to start widget on startup: No widget pack found for 'monoshine'.
[2m2025-08-14T08:44:46.274597Z[0m [31mERROR[0m [2mzebar::widget_factory[0m[2m:[0m Failed to start widget on startup: No widget pack found for 'monoshine'.
[2m2025-08-14T08:49:04.413401Z[0m [31mERROR[0m [2mzebar::widget_factory[0m[2m:[0m Failed to start widget on startup: No widget pack found for 'monoshine'.
[2m2025-08-14T09:23:58.719513Z[0m [31mERROR[0m [2mzebar::widget_factory[0m[2m:[0m Failed to start widget on startup: No widget pack found for 'glzr-io.starter'.
[2m2025-08-14T09:50:12.760647Z[0m [31mERROR[0m [2mzebar::widget_factory[0m[2m:[0m Failed to start widget on startup: No widget pack found for 'glzr-io.starter'.
[2m2025-08-14T10:03:11.687457Z[0m [31mERROR[0m [2mzebar::widget_factory[0m[2m:[0m Failed to start widget on startup: No widget pack found for 'glzr-io.starter'.
[2m2025-08-14T10:04:43.705756Z[0m [31mERROR[0m [2mzebar::widget_factory[0m[2m:[0m Failed to start widget on startup: No widget pack found for 'glzr-io.starter'.
[2m2025-08-14T10:15:18.723608Z[0m [31mERROR[0m [2mzebar::widget_factory[0m[2m:[0m Failed to start widget on startup: No widget pack found for 'monoshine'.
[2m2025-08-14T10:15:42.256271Z[0m [31mERROR[0m [2mzebar::widget_factory[0m[2m:[0m Failed to start widget on startup: No widget named 'index' found in widget pack 'monoshine'.
[2m2025-08-14T10:34:27.279573Z[0m [31mERROR[0m [2mzebar::widget_factory[0m[2m:[0m Failed to start widget on startup: No widget named 'index' found in widget pack 'monoshine'.
[2m2025-08-14T10:59:52.469315Z[0m [31mERROR[0m [2mzebar::widget_factory[0m[2m:[0m Failed to start widget on startup: No widget named 'index' found in widget pack 'monoshine'.
[2m2025-08-14T11:35:47.367285Z[0m [31mERROR[0m [2mzebar::widget_factory[0m[2m:[0m Failed to start widget on startup: No widget named 'index' found in widget pack 'monoshine'.
[2m2025-08-14T11:46:23.834458Z[0m [31mERROR[0m [2mzebar::widget_factory[0m[2m:[0m Failed to start widget on startup: No widget named 'index' found in widget pack 'monoshine'.
[2m2025-08-14T12:00:56.060523Z[0m [31mERROR[0m [2mzebar::widget_factory[0m[2m:[0m Failed to start widget on startup: No widget named 'index' found in widget pack 'monoshine'.
[2m2025-08-14T12:05:19.967255Z[0m [31mERROR[0m [2mzebar::widget_factory[0m[2m:[0m Failed to start widget on startup: No widget named 'index' found in widget pack 'monoshine'.
[2m2025-08-14T12:05:28.269894Z[0m [31mERROR[0m [2mzebar::sys_tray[0m[2m:[0m Error handling menu event: HTML file not found at './dist/index.html' for config 'C:\Users\smrod\.glzr\zebar\monoshine\zpack.json'.
[2m2025-08-14T12:05:37.450713Z[0m [31mERROR[0m [2mzebar::widget_factory[0m[2m:[0m Failed to start widget on startup: No widget named 'index' found in widget pack 'monoshine'.
[2m2025-08-14T12:06:50.695428Z[0m [31mERROR[0m [2mzebar::widget_factory[0m[2m:[0m Failed to start widget on startup: No widget named 'index' found in widget pack 'monoshine'.
[2m2025-08-14T12:06:57.357387Z[0m [31mERROR[0m [2mzebar::sys_tray[0m[2m:[0m Error handling menu event: HTML file not found at './dist/index.html' for config 'C:\Users\smrod\.glzr\zebar\monoshine\zpack.json'.
[2m2025-08-14T12:14:14.201629Z[0m [31mERROR[0m [2mzebar::widget_factory[0m[2m:[0m Failed to start widget on startup: No widget pack found for 'monoshine'.
[2m2025-08-14T12:16:40.713969Z[0m [31mERROR[0m [2mzebar::sys_tray[0m[2m:[0m Error handling menu event: No widget pack found for 'mushfikurr.overline-zebar'.
[2m2025-08-14T12:17:11.985916Z[0m [31mERROR[0m [2mzebar::widget_factory[0m[2m:[0m Failed to start widget on startup: No widget pack found for 'monoshine'.
[2m2025-08-14T12:20:25.771187Z[0m [31mERROR[0m [2mzebar::widget_factory[0m[2m:[0m Failed to start widget on startup: No widget pack found for 'monoshine'.
[2m2025-08-14T13:29:10.108773Z[0m [31mERROR[0m [2mzebar::widget_factory[0m[2m:[0m Failed to start widget on startup: No widget pack found for 'monoshine'.
[2m2025-08-14T13:33:04.701006Z[0m [31mERROR[0m [2mzebar::widget_factory[0m[2m:[0m Failed to start widget on startup: No widget pack found for 'monoshine'.
[2m2025-08-14T13:33:49.953340Z[0m [31mERROR[0m [2mzebar::widget_factory[0m[2m:[0m Failed to start widget on startup: No widget pack found for 'monoshine'.
[2m2025-08-14T14:13:33.270951Z[0m [31mERROR[0m [2mzebar::widget_factory[0m[2m:[0m Failed to start widget on startup: No widget pack found for 'monoshine'.
[2m2025-08-14T14:30:23.066554Z[0m [31mERROR[0m [2mzebar::widget_factory[0m[2m:[0m Failed to start widget on startup: No widget pack found for 'monoshine'.
[2m2025-08-14T15:10:56.263281Z[0m [31mERROR[0m [2mzebar::widget_factory[0m[2m:[0m Failed to start widget on startup: No widget pack found for 'monoshine'.
[2m2025-08-14T15:12:12.579895Z[0m [31mERROR[0m [2mzebar::widget_factory[0m[2m:[0m Failed to start widget on startup: No widget pack found for 'monoshine'.
[2m2025-08-14T15:16:57.982587Z[0m [31mERROR[0m [2mzebar::widget_factory[0m[2m:[0m Failed to start widget on startup: No widget pack found for 'monoshine'.
[2m2025-08-14T15:18:23.424769Z[0m [31mERROR[0m [2mzebar::sys_tray[0m[2m:[0m Error handling menu event: No widget pack found for 'Monoshine'.
[2m2025-08-14T15:19:36.124245Z[0m [31mERROR[0m [2mzebar::widget_factory[0m[2m:[0m Failed to start widget on startup: No widget named 'index' found in widget pack 'monoshine'.
[2m2025-08-14T15:20:55.238065Z[0m [31mERROR[0m [2mzebar::widget_factory[0m[2m:[0m Failed to start widget on startup: No widget pack found for 'monoshine'.
[2m2025-08-14T15:24:07.775159Z[0m [31mERROR[0m [2mzebar::widget_factory[0m[2m:[0m Failed to start widget on startup: No widget pack found for 'monoshine'.
[2m2025-08-14T15:29:33.468668Z[0m [31mERROR[0m [2mzebar::widget_factory[0m[2m:[0m Failed to start widget on startup: No widget pack found for 'monoshine'.
